Cadence Genus(TM) Synthesis Solution.
Copyright 2024 Cadence Design Systems, Inc. All rights reserved worldwide.
Cadence and the Cadence logo are registered trademarks and Genus is a trademark
of Cadence Design Systems, Inc. in the United States and other countries.

[13:32:42.196473] Configured Lic search path (23.02-s003): 5280@pgmicro01.ufrgs.br

Version: 23.12-s086_1, built Wed Jul 24 15:05:35 PDT 2024
Options: 
Date:    Tue Feb 25 13:32:42 2025
Host:    cadmicro-inf-el8-623223 (x86_64 w/Linux 4.18.0-553.22.1.el8_10.x86_64) (6cores*12cpus*1physical cpu*12th Gen Intel(R) Core(TM) i5-12400 18432KB) (32673640KB)
PID:     220755
OS:      Rocky Linux release 8.10 (Green Obsidian)

Checking out license: Genus_Synthesis
[13:32:42.233033] Periodic Lic check successful
[13:32:42.757330] Feature usage summary:
[13:32:42.757331] Genus_Synthesis



***********************************************************************************************************
***********************************************************************************************************



Finished executable startup (0 seconds elapsed).

Loading tool scripts...
Finished loading tool scripts (7 seconds elapsed).

WARNING: This version of the tool is 215 days old.
@genus:root: 1> exit

Lic Summary:
[13:32:53.312024] Cdslmd servers: pgmicro01
[13:32:53.836321] Feature usage summary:
[13:32:53.836321] Genus_Synthesis

Normal exit.